<?xml version="1.0" encoding="UTF-8"?>
<!-- Generated by org.testng.reporters.JUnitReportReporter -->
<testsuite hostname="Charan" failures="0" tests="1" name="testngframe.Example" time="0.007" errors="0" timestamp="2021-11-13T15:55:58 IST" skipped="0">
  <testcase classname="testngframe.Example" name="sampplep" time="0.007"/>
  <system-out/>
</testsuite> <!-- testngframe.Example -->
