<?xml version="1.0" encoding="UTF-8"?>
<!-- Generated by org.testng.reporters.JUnitReportReporter -->
<testsuite hostname="Charan" failures="0" tests="4" name="testngframe.Dataprovider_Concepts" time="63.221" errors="0" timestamp="2021-11-13T15:43:20 IST" skipped="0">
  <testcase classname="testngframe.Dataprovider_Concepts" name="FacebookData" time="14.886"/>
  <system-out/>
  <testcase classname="testngframe.Dataprovider_Concepts" name="FacebookData" time="17.619"/>
  <system-out/>
  <testcase classname="testngframe.Dataprovider_Concepts" name="FacebookData" time="14.596"/>
  <system-out/>
  <testcase classname="testngframe.Dataprovider_Concepts" name="FacebookData" time="16.120"/>
  <system-out/>
</testsuite> <!-- testngframe.Dataprovider_Concepts -->
