<?xml version="1.0" encoding="UTF-8"?>
<!-- Generated by org.testng.reporters.JUnitReportReporter -->
<testsuite hostname="Charan" failures="0" tests="1" name="testngframe.Parameter_Concepts" time="16.449" errors="0" timestamp="2021-11-13T15:36:49 IST" skipped="0">
  <testcase classname="testngframe.Parameter_Concepts" name="parameter" time="16.449"/>
  <system-out/>
</testsuite> <!-- testngframe.Parameter_Concepts -->
