<?xml version="1.0" encoding="UTF-8"?>
<!-- Generated by org.testng.reporters.JUnitReportReporter -->
<testsuite hostname="Charan" failures="0" tests="2" name="testngframe.FisrtClassproject" time="53.527" errors="0" timestamp="2021-11-13T15:55:58 IST" skipped="0">
  <testcase classname="testngframe.FisrtClassproject" name="Google" time="24.479"/>
  <system-out/>
  <testcase classname="testngframe.FisrtClassproject" name="Facebook" time="29.048"/>
  <system-out/>
</testsuite> <!-- testngframe.FisrtClassproject -->
